

Microchip MPLAB XC8 Assembler V2.46 build 20240104201356 
                                                                                               Wed Sep 11 23:56:01 2024

Microchip MPLAB XC8 C Compiler v2.46 (Free license) build 20240104201356 Og1 
     1                           	processor	16F1783
     2                           	pagewidth 120
     3                           	opt	flic
     4                           	psect	cinit,global,class=CODE,merge=1,delta=2
     5                           	psect	cstackCOMMON,global,class=COMMON,space=1,delta=1,noexec
     6                           	psect	maintext,global,class=CODE,merge=1,split=1,delta=2
     7                           	psect	text1,local,class=CODE,merge=1,delta=2
     8                           	psect	text2,local,class=CODE,merge=1,delta=2
     9                           	psect	config,global,abs,ovrld,class=CONFIG,space=4,delta=2,noexec
    10                           	dabs	1,0x7E,2
    11     0000                     
    12                           ; Generated 07/09/2023 GMT
    13                           ; 
    14                           ; Copyright © 2023, Microchip Technology Inc. and its subsidiaries ("Microchip")
    15                           ; All rights reserved.
    16                           ; 
    17                           ; This software is developed by Microchip Technology Inc. and its subsidiaries ("Microch
      +                          ip").
    18                           ; 
    19                           ; Redistribution and use in source and binary forms, with or without modification, are
    20                           ; permitted provided that the following conditions are met:
    21                           ; 
    22                           ;     1. Redistributions of source code must retain the above copyright notice, this lis
      +                          t of
    23                           ;        conditions and the following disclaimer.
    24                           ; 
    25                           ;     2. Redistributions in binary form must reproduce the above copyright notice, this 
      +                          list
    26                           ;        of conditions and the following disclaimer in the documentation and/or other
    27                           ;        materials provided with the distribution. Publication is not required when
    28                           ;        this file is used in an embedded application.
    29                           ; 
    30                           ;     3. Microchip's name may not be used to endorse or promote products derived from th
      +                          is
    31                           ;        software without specific prior written permission.
    32                           ; 
    33                           ; THIS SOFTWARE IS PROVIDED BY MICROCHIP "AS IS" AND ANY EXPRESS OR IMPLIED WARRANTIES,
    34                           ; INCLUDING, BUT NOT LIMITED TO, THE IMPLIED WARRANTIES OF MERCHANTABILITY AND FITNESS F
      +                          OR
    35                           ; PURPOSE ARE DISCLAIMED.  IN NO EVENT SHALL MICROCHIP BE LIABLE FOR ANY DIRECT, INDIREC
      +                          T,
    36                           ; INCIDENTAL, SPECIAL, EXEMPLARY, OR CONSEQUENTIAL DAMAGES (INCLUDING BUT NOT LIMITED TO
    37                           ; PROCUREMENT OF SUBSTITUTE GOODS OR SERVICES; LOSS OF USE, DATA OR PROFITS; OR BUSINESS
    38                           ; INTERRUPTION) HOWSOEVER CAUSED AND ON ANY THEORY OF LIABILITY, WHETHER IN CONTRACT, ST
      +                          RICT
    39                           ; LIABILITY, OR TORT (INCLUDING NEGLIGENCE OR OTHERWISE) ARISING IN ANY WAY OUT OF THE U
      +                          SE OF
    40                           ; THIS SOFTWARE, EVEN IF ADVISED OF THE POSSIBILITY OF SUCH DAMAGE.
    41                           ; 
    42                           ; 
    43                           ; Code-generator required, PIC16F1783 Definitions
    44                           ; 
    45                           ; SFR Addresses
    46     0000                     	;# 
    47     0001                     	;# 
    48     0002                     	;# 
    49     0003                     	;# 
    50     0004                     	;# 
    51     0005                     	;# 
    52     0006                     	;# 
    53     0007                     	;# 
    54     0008                     	;# 
    55     0009                     	;# 
    56     000A                     	;# 
    57     000B                     	;# 
    58     000C                     	;# 
    59     000D                     	;# 
    60     000E                     	;# 
    61     0010                     	;# 
    62     0011                     	;# 
    63     0012                     	;# 
    64     0014                     	;# 
    65     0015                     	;# 
    66     0016                     	;# 
    67     0016                     	;# 
    68     0017                     	;# 
    69     0018                     	;# 
    70     0019                     	;# 
    71     001A                     	;# 
    72     001B                     	;# 
    73     001C                     	;# 
    74     008C                     	;# 
    75     008D                     	;# 
    76     008E                     	;# 
    77     0090                     	;# 
    78     0091                     	;# 
    79     0092                     	;# 
    80     0094                     	;# 
    81     0095                     	;# 
    82     0096                     	;# 
    83     0097                     	;# 
    84     0098                     	;# 
    85     0099                     	;# 
    86     009A                     	;# 
    87     009B                     	;# 
    88     009B                     	;# 
    89     009C                     	;# 
    90     009D                     	;# 
    91     009E                     	;# 
    92     009F                     	;# 
    93     010C                     	;# 
    94     010D                     	;# 
    95     010E                     	;# 
    96     0111                     	;# 
    97     0112                     	;# 
    98     0113                     	;# 
    99     0114                     	;# 
   100     0115                     	;# 
   101     0116                     	;# 
   102     0117                     	;# 
   103     0118                     	;# 
   104     0119                     	;# 
   105     011D                     	;# 
   106     011D                     	;# 
   107     011E                     	;# 
   108     011F                     	;# 
   109     018C                     	;# 
   110     018D                     	;# 
   111     0191                     	;# 
   112     0191                     	;# 
   113     0192                     	;# 
   114     0193                     	;# 
   115     0193                     	;# 
   116     0193                     	;# 
   117     0194                     	;# 
   118     0195                     	;# 
   119     0196                     	;# 
   120     0197                     	;# 
   121     0199                     	;# 
   122     0199                     	;# 
   123     0199                     	;# 
   124     019A                     	;# 
   125     019A                     	;# 
   126     019A                     	;# 
   127     019B                     	;# 
   128     019B                     	;# 
   129     019B                     	;# 
   130     019B                     	;# 
   131     019B                     	;# 
   132     019C                     	;# 
   133     019C                     	;# 
   134     019C                     	;# 
   135     019D                     	;# 
   136     019D                     	;# 
   137     019D                     	;# 
   138     019E                     	;# 
   139     019E                     	;# 
   140     019E                     	;# 
   141     019F                     	;# 
   142     019F                     	;# 
   143     019F                     	;# 
   144     019F                     	;# 
   145     019F                     	;# 
   146     020C                     	;# 
   147     020D                     	;# 
   148     020E                     	;# 
   149     0210                     	;# 
   150     0211                     	;# 
   151     0211                     	;# 
   152     0212                     	;# 
   153     0212                     	;# 
   154     0213                     	;# 
   155     0213                     	;# 
   156     0214                     	;# 
   157     0214                     	;# 
   158     0215                     	;# 
   159     0215                     	;# 
   160     0215                     	;# 
   161     0216                     	;# 
   162     0216                     	;# 
   163     0217                     	;# 
   164     0217                     	;# 
   165     028C                     	;# 
   166     028D                     	;# 
   167     028E                     	;# 
   168     0291                     	;# 
   169     0291                     	;# 
   170     0292                     	;# 
   171     0293                     	;# 
   172     0298                     	;# 
   173     0298                     	;# 
   174     0299                     	;# 
   175     029A                     	;# 
   176     030C                     	;# 
   177     030D                     	;# 
   178     030E                     	;# 
   179     038C                     	;# 
   180     038D                     	;# 
   181     038E                     	;# 
   182     0390                     	;# 
   183     0391                     	;# 
   184     0392                     	;# 
   185     0393                     	;# 
   186     0394                     	;# 
   187     0395                     	;# 
   188     0396                     	;# 
   189     0397                     	;# 
   190     0398                     	;# 
   191     0399                     	;# 
   192     039D                     	;# 
   193     039E                     	;# 
   194     039F                     	;# 
   195     0511                     	;# 
   196     0513                     	;# 
   197     051A                     	;# 
   198     0811                     	;# 
   199     0812                     	;# 
   200     0813                     	;# 
   201     0814                     	;# 
   202     0815                     	;# 
   203     0816                     	;# 
   204     0817                     	;# 
   205     0818                     	;# 
   206     0819                     	;# 
   207     081A                     	;# 
   208     081B                     	;# 
   209     081C                     	;# 
   210     081D                     	;# 
   211     081E                     	;# 
   212     081F                     	;# 
   213     0820                     	;# 
   214     0821                     	;# 
   215     0821                     	;# 
   216     0822                     	;# 
   217     0823                     	;# 
   218     0823                     	;# 
   219     0824                     	;# 
   220     0825                     	;# 
   221     0825                     	;# 
   222     0826                     	;# 
   223     0827                     	;# 
   224     0827                     	;# 
   225     0828                     	;# 
   226     0829                     	;# 
   227     082A                     	;# 
   228     082B                     	;# 
   229     082C                     	;# 
   230     082D                     	;# 
   231     082E                     	;# 
   232     082F                     	;# 
   233     0831                     	;# 
   234     0832                     	;# 
   235     0833                     	;# 
   236     0834                     	;# 
   237     0835                     	;# 
   238     0836                     	;# 
   239     0837                     	;# 
   240     0838                     	;# 
   241     0839                     	;# 
   242     083A                     	;# 
   243     083B                     	;# 
   244     083C                     	;# 
   245     083D                     	;# 
   246     083E                     	;# 
   247     083F                     	;# 
   248     0840                     	;# 
   249     0841                     	;# 
   250     0841                     	;# 
   251     0842                     	;# 
   252     0843                     	;# 
   253     0843                     	;# 
   254     0844                     	;# 
   255     0845                     	;# 
   256     0845                     	;# 
   257     0846                     	;# 
   258     0847                     	;# 
   259     0847                     	;# 
   260     0848                     	;# 
   261     0849                     	;# 
   262     084A                     	;# 
   263     084B                     	;# 
   264     084C                     	;# 
   265     084D                     	;# 
   266     084E                     	;# 
   267     084F                     	;# 
   268     0FE4                     	;# 
   269     0FE5                     	;# 
   270     0FE6                     	;# 
   271     0FE7                     	;# 
   272     0FE8                     	;# 
   273     0FE9                     	;# 
   274     0FEA                     	;# 
   275     0FEB                     	;# 
   276     0FED                     	;# 
   277     0FEE                     	;# 
   278     0FEF                     	;# 
   279     0000                     	;# 
   280     0001                     	;# 
   281     0002                     	;# 
   282     0003                     	;# 
   283     0004                     	;# 
   284     0005                     	;# 
   285     0006                     	;# 
   286     0007                     	;# 
   287     0008                     	;# 
   288     0009                     	;# 
   289     000A                     	;# 
   290     000B                     	;# 
   291     000C                     	;# 
   292     000D                     	;# 
   293     000E                     	;# 
   294     0010                     	;# 
   295     0011                     	;# 
   296     0012                     	;# 
   297     0014                     	;# 
   298     0015                     	;# 
   299     0016                     	;# 
   300     0016                     	;# 
   301     0017                     	;# 
   302     0018                     	;# 
   303     0019                     	;# 
   304     001A                     	;# 
   305     001B                     	;# 
   306     001C                     	;# 
   307     008C                     	;# 
   308     008D                     	;# 
   309     008E                     	;# 
   310     0090                     	;# 
   311     0091                     	;# 
   312     0092                     	;# 
   313     0094                     	;# 
   314     0095                     	;# 
   315     0096                     	;# 
   316     0097                     	;# 
   317     0098                     	;# 
   318     0099                     	;# 
   319     009A                     	;# 
   320     009B                     	;# 
   321     009B                     	;# 
   322     009C                     	;# 
   323     009D                     	;# 
   324     009E                     	;# 
   325     009F                     	;# 
   326     010C                     	;# 
   327     010D                     	;# 
   328     010E                     	;# 
   329     0111                     	;# 
   330     0112                     	;# 
   331     0113                     	;# 
   332     0114                     	;# 
   333     0115                     	;# 
   334     0116                     	;# 
   335     0117                     	;# 
   336     0118                     	;# 
   337     0119                     	;# 
   338     011D                     	;# 
   339     011D                     	;# 
   340     011E                     	;# 
   341     011F                     	;# 
   342     018C                     	;# 
   343     018D                     	;# 
   344     0191                     	;# 
   345     0191                     	;# 
   346     0192                     	;# 
   347     0193                     	;# 
   348     0193                     	;# 
   349     0193                     	;# 
   350     0194                     	;# 
   351     0195                     	;# 
   352     0196                     	;# 
   353     0197                     	;# 
   354     0199                     	;# 
   355     0199                     	;# 
   356     0199                     	;# 
   357     019A                     	;# 
   358     019A                     	;# 
   359     019A                     	;# 
   360     019B                     	;# 
   361     019B                     	;# 
   362     019B                     	;# 
   363     019B                     	;# 
   364     019B                     	;# 
   365     019C                     	;# 
   366     019C                     	;# 
   367     019C                     	;# 
   368     019D                     	;# 
   369     019D                     	;# 
   370     019D                     	;# 
   371     019E                     	;# 
   372     019E                     	;# 
   373     019E                     	;# 
   374     019F                     	;# 
   375     019F                     	;# 
   376     019F                     	;# 
   377     019F                     	;# 
   378     019F                     	;# 
   379     020C                     	;# 
   380     020D                     	;# 
   381     020E                     	;# 
   382     0210                     	;# 
   383     0211                     	;# 
   384     0211                     	;# 
   385     0212                     	;# 
   386     0212                     	;# 
   387     0213                     	;# 
   388     0213                     	;# 
   389     0214                     	;# 
   390     0214                     	;# 
   391     0215                     	;# 
   392     0215                     	;# 
   393     0215                     	;# 
   394     0216                     	;# 
   395     0216                     	;# 
   396     0217                     	;# 
   397     0217                     	;# 
   398     028C                     	;# 
   399     028D                     	;# 
   400     028E                     	;# 
   401     0291                     	;# 
   402     0291                     	;# 
   403     0292                     	;# 
   404     0293                     	;# 
   405     0298                     	;# 
   406     0298                     	;# 
   407     0299                     	;# 
   408     029A                     	;# 
   409     030C                     	;# 
   410     030D                     	;# 
   411     030E                     	;# 
   412     038C                     	;# 
   413     038D                     	;# 
   414     038E                     	;# 
   415     0390                     	;# 
   416     0391                     	;# 
   417     0392                     	;# 
   418     0393                     	;# 
   419     0394                     	;# 
   420     0395                     	;# 
   421     0396                     	;# 
   422     0397                     	;# 
   423     0398                     	;# 
   424     0399                     	;# 
   425     039D                     	;# 
   426     039E                     	;# 
   427     039F                     	;# 
   428     0511                     	;# 
   429     0513                     	;# 
   430     051A                     	;# 
   431     0811                     	;# 
   432     0812                     	;# 
   433     0813                     	;# 
   434     0814                     	;# 
   435     0815                     	;# 
   436     0816                     	;# 
   437     0817                     	;# 
   438     0818                     	;# 
   439     0819                     	;# 
   440     081A                     	;# 
   441     081B                     	;# 
   442     081C                     	;# 
   443     081D                     	;# 
   444     081E                     	;# 
   445     081F                     	;# 
   446     0820                     	;# 
   447     0821                     	;# 
   448     0821                     	;# 
   449     0822                     	;# 
   450     0823                     	;# 
   451     0823                     	;# 
   452     0824                     	;# 
   453     0825                     	;# 
   454     0825                     	;# 
   455     0826                     	;# 
   456     0827                     	;# 
   457     0827                     	;# 
   458     0828                     	;# 
   459     0829                     	;# 
   460     082A                     	;# 
   461     082B                     	;# 
   462     082C                     	;# 
   463     082D                     	;# 
   464     082E                     	;# 
   465     082F                     	;# 
   466     0831                     	;# 
   467     0832                     	;# 
   468     0833                     	;# 
   469     0834                     	;# 
   470     0835                     	;# 
   471     0836                     	;# 
   472     0837                     	;# 
   473     0838                     	;# 
   474     0839                     	;# 
   475     083A                     	;# 
   476     083B                     	;# 
   477     083C                     	;# 
   478     083D                     	;# 
   479     083E                     	;# 
   480     083F                     	;# 
   481     0840                     	;# 
   482     0841                     	;# 
   483     0841                     	;# 
   484     0842                     	;# 
   485     0843                     	;# 
   486     0843                     	;# 
   487     0844                     	;# 
   488     0845                     	;# 
   489     0845                     	;# 
   490     0846                     	;# 
   491     0847                     	;# 
   492     0847                     	;# 
   493     0848                     	;# 
   494     0849                     	;# 
   495     084A                     	;# 
   496     084B                     	;# 
   497     084C                     	;# 
   498     084D                     	;# 
   499     084E                     	;# 
   500     084F                     	;# 
   501     0FE4                     	;# 
   502     0FE5                     	;# 
   503     0FE6                     	;# 
   504     0FE7                     	;# 
   505     0FE8                     	;# 
   506     0FE9                     	;# 
   507     0FEA                     	;# 
   508     0FEB                     	;# 
   509     0FED                     	;# 
   510     0FEE                     	;# 
   511     0FEF                     	;# 
   512     0000                     	;# 
   513     0001                     	;# 
   514     0002                     	;# 
   515     0003                     	;# 
   516     0004                     	;# 
   517     0005                     	;# 
   518     0006                     	;# 
   519     0007                     	;# 
   520     0008                     	;# 
   521     0009                     	;# 
   522     000A                     	;# 
   523     000B                     	;# 
   524     000C                     	;# 
   525     000D                     	;# 
   526     000E                     	;# 
   527     0010                     	;# 
   528     0011                     	;# 
   529     0012                     	;# 
   530     0014                     	;# 
   531     0015                     	;# 
   532     0016                     	;# 
   533     0016                     	;# 
   534     0017                     	;# 
   535     0018                     	;# 
   536     0019                     	;# 
   537     001A                     	;# 
   538     001B                     	;# 
   539     001C                     	;# 
   540     008C                     	;# 
   541     008D                     	;# 
   542     008E                     	;# 
   543     0090                     	;# 
   544     0091                     	;# 
   545     0092                     	;# 
   546     0094                     	;# 
   547     0095                     	;# 
   548     0096                     	;# 
   549     0097                     	;# 
   550     0098                     	;# 
   551     0099                     	;# 
   552     009A                     	;# 
   553     009B                     	;# 
   554     009B                     	;# 
   555     009C                     	;# 
   556     009D                     	;# 
   557     009E                     	;# 
   558     009F                     	;# 
   559     010C                     	;# 
   560     010D                     	;# 
   561     010E                     	;# 
   562     0111                     	;# 
   563     0112                     	;# 
   564     0113                     	;# 
   565     0114                     	;# 
   566     0115                     	;# 
   567     0116                     	;# 
   568     0117                     	;# 
   569     0118                     	;# 
   570     0119                     	;# 
   571     011D                     	;# 
   572     011D                     	;# 
   573     011E                     	;# 
   574     011F                     	;# 
   575     018C                     	;# 
   576     018D                     	;# 
   577     0191                     	;# 
   578     0191                     	;# 
   579     0192                     	;# 
   580     0193                     	;# 
   581     0193                     	;# 
   582     0193                     	;# 
   583     0194                     	;# 
   584     0195                     	;# 
   585     0196                     	;# 
   586     0197                     	;# 
   587     0199                     	;# 
   588     0199                     	;# 
   589     0199                     	;# 
   590     019A                     	;# 
   591     019A                     	;# 
   592     019A                     	;# 
   593     019B                     	;# 
   594     019B                     	;# 
   595     019B                     	;# 
   596     019B                     	;# 
   597     019B                     	;# 
   598     019C                     	;# 
   599     019C                     	;# 
   600     019C                     	;# 
   601     019D                     	;# 
   602     019D                     	;# 
   603     019D                     	;# 
   604     019E                     	;# 
   605     019E                     	;# 
   606     019E                     	;# 
   607     019F                     	;# 
   608     019F                     	;# 
   609     019F                     	;# 
   610     019F                     	;# 
   611     019F                     	;# 
   612     020C                     	;# 
   613     020D                     	;# 
   614     020E                     	;# 
   615     0210                     	;# 
   616     0211                     	;# 
   617     0211                     	;# 
   618     0212                     	;# 
   619     0212                     	;# 
   620     0213                     	;# 
   621     0213                     	;# 
   622     0214                     	;# 
   623     0214                     	;# 
   624     0215                     	;# 
   625     0215                     	;# 
   626     0215                     	;# 
   627     0216                     	;# 
   628     0216                     	;# 
   629     0217                     	;# 
   630     0217                     	;# 
   631     028C                     	;# 
   632     028D                     	;# 
   633     028E                     	;# 
   634     0291                     	;# 
   635     0291                     	;# 
   636     0292                     	;# 
   637     0293                     	;# 
   638     0298                     	;# 
   639     0298                     	;# 
   640     0299                     	;# 
   641     029A                     	;# 
   642     030C                     	;# 
   643     030D                     	;# 
   644     030E                     	;# 
   645     038C                     	;# 
   646     038D                     	;# 
   647     038E                     	;# 
   648     0390                     	;# 
   649     0391                     	;# 
   650     0392                     	;# 
   651     0393                     	;# 
   652     0394                     	;# 
   653     0395                     	;# 
   654     0396                     	;# 
   655     0397                     	;# 
   656     0398                     	;# 
   657     0399                     	;# 
   658     039D                     	;# 
   659     039E                     	;# 
   660     039F                     	;# 
   661     0511                     	;# 
   662     0513                     	;# 
   663     051A                     	;# 
   664     0811                     	;# 
   665     0812                     	;# 
   666     0813                     	;# 
   667     0814                     	;# 
   668     0815                     	;# 
   669     0816                     	;# 
   670     0817                     	;# 
   671     0818                     	;# 
   672     0819                     	;# 
   673     081A                     	;# 
   674     081B                     	;# 
   675     081C                     	;# 
   676     081D                     	;# 
   677     081E                     	;# 
   678     081F                     	;# 
   679     0820                     	;# 
   680     0821                     	;# 
   681     0821                     	;# 
   682     0822                     	;# 
   683     0823                     	;# 
   684     0823                     	;# 
   685     0824                     	;# 
   686     0825                     	;# 
   687     0825                     	;# 
   688     0826                     	;# 
   689     0827                     	;# 
   690     0827                     	;# 
   691     0828                     	;# 
   692     0829                     	;# 
   693     082A                     	;# 
   694     082B                     	;# 
   695     082C                     	;# 
   696     082D                     	;# 
   697     082E                     	;# 
   698     082F                     	;# 
   699     0831                     	;# 
   700     0832                     	;# 
   701     0833                     	;# 
   702     0834                     	;# 
   703     0835                     	;# 
   704     0836                     	;# 
   705     0837                     	;# 
   706     0838                     	;# 
   707     0839                     	;# 
   708     083A                     	;# 
   709     083B                     	;# 
   710     083C                     	;# 
   711     083D                     	;# 
   712     083E                     	;# 
   713     083F                     	;# 
   714     0840                     	;# 
   715     0841                     	;# 
   716     0841                     	;# 
   717     0842                     	;# 
   718     0843                     	;# 
   719     0843                     	;# 
   720     0844                     	;# 
   721     0845                     	;# 
   722     0845                     	;# 
   723     0846                     	;# 
   724     0847                     	;# 
   725     0847                     	;# 
   726     0848                     	;# 
   727     0849                     	;# 
   728     084A                     	;# 
   729     084B                     	;# 
   730     084C                     	;# 
   731     084D                     	;# 
   732     084E                     	;# 
   733     084F                     	;# 
   734     0FE4                     	;# 
   735     0FE5                     	;# 
   736     0FE6                     	;# 
   737     0FE7                     	;# 
   738     0FE8                     	;# 
   739     0FE9                     	;# 
   740     0FEA                     	;# 
   741     0FEB                     	;# 
   742     0FED                     	;# 
   743     0FEE                     	;# 
   744     0FEF                     	;# 
   745                           
   746                           	psect	cinit
   747     07FD                     start_initialization:	
   748                           ; #config settings
   749                           
   750     07FD                     __initialization:
   751     07FD                     end_of_initialization:	
   752                           ;End of C runtime variable initialization code
   753                           
   754     07FD                     __end_of__initialization:
   755     07FD  0020               	movlb	0
   756     07FE  3187  2FF4         	ljmp	_main	;jump to C main() function
   757                           
   758                           	psect	cstackCOMMON
   759     0000                     __pcstackCOMMON:
   760     0000                     ?_programInitialize:
   761     0000                     ??_programInitialize:	
   762                           ; 1 bytes @ 0x0
   763                           
   764     0000                     ?_programLoop:	
   765                           ; 1 bytes @ 0x0
   766                           
   767     0000                     ??_programLoop:	
   768                           ; 1 bytes @ 0x0
   769                           
   770     0000                     ?_main:	
   771                           ; 1 bytes @ 0x0
   772                           
   773     0000                     ??_main:	
   774                           ; 1 bytes @ 0x0
   775                           
   776                           
   777                           	psect	maintext
   778     07F4                     __pmaintext:	
   779                           ; 1 bytes @ 0x0
   780 ;;
   781 ;;Main: autosize = 0, tempsize = 0, incstack = 0, save=0
   782 ;;
   783 ;; *************** function _main *****************
   784 ;; Defined at:
   785 ;;		line 26 in file "main.c"
   786 ;; Parameters:    Size  Location     Type
   787 ;;		None
   788 ;; Auto vars:     Size  Location     Type
   789 ;;		None
   790 ;; Return value:  Size  Location     Type
   791 ;;                  1    wreg      void 
   792 ;; Registers used:
   793 ;;		status,2, status,0, pclath, cstack
   794 ;; Tracked objects:
   795 ;;		On entry : B1F/0
   796 ;;		On exit  : 0/0
   797 ;;		Unchanged: 0/0
   798 ;; Data sizes:     COMMON   BANK0   BANK1   BANK2   BANK3   BANK4   BANK5   BANK6
   799 ;;      Params:         0       0       0       0       0       0       0       0
   800 ;;      Locals:         0       0       0       0       0       0       0       0
   801 ;;      Temps:          0       0       0       0       0       0       0       0
   802 ;;      Totals:         0       0       0       0       0       0       0       0
   803 ;;Total ram usage:        0 bytes
   804 ;; Hardware stack levels required when called: 1
   805 ;; This function calls:
   806 ;;		_programInitialize
   807 ;;		_programLoop
   808 ;; This function is called by:
   809 ;;		Startup code after reset
   810 ;; This function uses a non-reentrant model
   811 ;;
   812                           
   813     07F4                     _main:	
   814                           ;psect for function _main
   815                           
   816     07F4                     l626:	
   817                           ;incstack = 0
   818                           ; Regs used in _main: [status,2+status,0+pclath+cstack]
   819                           
   820                           
   821                           ;main.c: 27:     programInitialize();
   822     07F4  3187  27F2  3187   	fcall	_programInitialize
   823     07F7                     l9:	
   824                           ;main.c: 29:     while(1) {
   825                           
   826                           
   827                           ;main.c: 30:         programLoop();
   828     07F7  3187  27F3  3187   	fcall	_programLoop
   829     07FA  2FF7               	goto	l9
   830     07FB  3180  2802         	ljmp	start
   831     07FD                     __end_of_main:
   832                           
   833                           	psect	text1
   834     07F3                     __ptext1:	
   835 ;; *************** function _programLoop *****************
   836 ;; Defined at:
   837 ;;		line 8 in file "program.c"
   838 ;; Parameters:    Size  Location     Type
   839 ;;		None
   840 ;; Auto vars:     Size  Location     Type
   841 ;;		None
   842 ;; Return value:  Size  Location     Type
   843 ;;                  1    wreg      void 
   844 ;; Registers used:
   845 ;;		None
   846 ;; Tracked objects:
   847 ;;		On entry : 0/0
   848 ;;		On exit  : 0/0
   849 ;;		Unchanged: 0/0
   850 ;; Data sizes:     COMMON   BANK0   BANK1   BANK2   BANK3   BANK4   BANK5   BANK6
   851 ;;      Params:         0       0       0       0       0       0       0       0
   852 ;;      Locals:         0       0       0       0       0       0       0       0
   853 ;;      Temps:          0       0       0       0       0       0       0       0
   854 ;;      Totals:         0       0       0       0       0       0       0       0
   855 ;;Total ram usage:        0 bytes
   856 ;; Hardware stack levels used: 1
   857 ;; This function calls:
   858 ;;		Nothing
   859 ;; This function is called by:
   860 ;;		_main
   861 ;; This function uses a non-reentrant model
   862 ;;
   863                           
   864     07F3                     _programLoop:	
   865                           ;psect for function _programLoop
   866                           
   867     07F3                     l18:	
   868                           ;incstack = 0
   869                           ; Regs used in _programLoop: []
   870                           
   871     07F3  0008               	return
   872     07F4                     __end_of_programLoop:
   873                           
   874                           	psect	text2
   875     07F2                     __ptext2:	
   876 ;; *************** function _programInitialize *****************
   877 ;; Defined at:
   878 ;;		line 4 in file "program.c"
   879 ;; Parameters:    Size  Location     Type
   880 ;;		None
   881 ;; Auto vars:     Size  Location     Type
   882 ;;		None
   883 ;; Return value:  Size  Location     Type
   884 ;;                  1    wreg      void 
   885 ;; Registers used:
   886 ;;		None
   887 ;; Tracked objects:
   888 ;;		On entry : 0/0
   889 ;;		On exit  : 0/0
   890 ;;		Unchanged: 0/0
   891 ;; Data sizes:     COMMON   BANK0   BANK1   BANK2   BANK3   BANK4   BANK5   BANK6
   892 ;;      Params:         0       0       0       0       0       0       0       0
   893 ;;      Locals:         0       0       0       0       0       0       0       0
   894 ;;      Temps:          0       0       0       0       0       0       0       0
   895 ;;      Totals:         0       0       0       0       0       0       0       0
   896 ;;Total ram usage:        0 bytes
   897 ;; Hardware stack levels used: 1
   898 ;; This function calls:
   899 ;;		Nothing
   900 ;; This function is called by:
   901 ;;		_main
   902 ;; This function uses a non-reentrant model
   903 ;;
   904                           
   905     07F2                     _programInitialize:	
   906                           ;psect for function _programInitialize
   907                           
   908     07F2                     l15:	
   909                           ;incstack = 0
   910                           ; Regs used in _programInitialize: []
   911                           
   912     07F2  0008               	return
   913     07F3                     __end_of_programInitialize:
   914     007E                     btemp	set	126	;btemp
   915     007E                     wtemp0	set	126
   916                           
   917                           	psect	config
   918                           
   919                           ;Config register CONFIG1 @ 0x8007
   920                           ;	Oscillator Selection
   921                           ;	FOSC = HS, HS Oscillator, High-speed crystal/resonator connected between OSC1 and OSC2
      +                           pins
   922                           ;	Watchdog Timer Enable
   923                           ;	WDTE = OFF, WDT disabled
   924                           ;	Power-up Timer Enable
   925                           ;	PWRTE = OFF, PWRT disabled
   926                           ;	MCLR Pin Function Select
   927                           ;	MCLRE = ON, MCLR/VPP pin function is MCLR
   928                           ;	Flash Program Memory Code Protection
   929                           ;	CP = OFF, Program memory code protection is disabled
   930                           ;	Data Memory Code Protection
   931                           ;	CPD = OFF, Data memory code protection is disabled
   932                           ;	Brown-out Reset Enable
   933                           ;	BOREN = OFF, Brown-out Reset disabled
   934                           ;	Clock Out Enable
   935                           ;	CLKOUTEN = ON, CLKOUT function is enabled on the CLKOUT pin
   936                           ;	Internal/External Switchover
   937                           ;	IESO = OFF, Internal/External Switchover mode is disabled
   938                           ;	Fail-Safe Clock Monitor Enable
   939                           ;	FCMEN = OFF, Fail-Safe Clock Monitor is disabled
   940     8007                     	org	32775
   941     8007  01E2               	dw	482
   942                           
   943                           ;Config register CONFIG2 @ 0x8008
   944                           ;	Flash Memory Self-Write Protection
   945                           ;	WRT = OFF, Write protection off
   946                           ;	Voltage Regulator Capacitor Enable bit
   947                           ;	VCAPEN = OFF, Vcap functionality is disabled on RA6.
   948                           ;	PLL Enable
   949                           ;	PLLEN = ON, 4x PLL enabled
   950                           ;	Stack Overflow/Underflow Reset Enable
   951                           ;	STVREN = ON, Stack Overflow or Underflow will cause a Reset
   952                           ;	Brown-out Reset Voltage Selection
   953                           ;	BORV = LO, Brown-out Reset Voltage (Vbor), low trip point selected.
   954                           ;	Low Power Brown-Out Reset Enable Bit
   955                           ;	LPBOR = 0x1, unprogrammed default
   956                           ;	In-Circuit Debugger Mode
   957                           ;	DEBUG = OFF, In-Circuit Debugger disabled, ICSPCLK and ICSPDAT are general purpose I/O
      +                           pins
   958                           ;	Low-Voltage Programming Enable
   959                           ;	LVP = ON, Low-voltage programming enabled
   960     8008                     	org	32776
   961     8008  3FFF               	dw	16383

Data Sizes:
    Strings     0
    Constant    0
    Data        0
    BSS         0
    Persistent  32
    Stack       0

Auto Spaces:
    Space          Size  Autos    Used
    COMMON           14      0       0
    BANK0            80      0       0
    BANK1            80      0       0
    BANK2            80      0       0
    BANK3            80      0       0
    BANK4            80      0       0
    BANK5            80      0       0
    BANK6            16      0       0

Pointer List with Targets:

    None.

Critical Paths under _main in COMMON

    None.

Critical Paths under _main in BANK0

    None.

Critical Paths under _main in BANK1

    None.

Critical Paths under _main in BANK2

    None.

Critical Paths under _main in BANK3

    None.

Critical Paths under _main in BANK4

    None.

Critical Paths under _main in BANK5

    None.

Critical Paths under _main in BANK6

    None.

Call Graph Tables:

 ---------------------------------------------------------------------------------
 (Depth) Function   	        Calls       Base Space   Used Autos Params    Refs
 ---------------------------------------------------------------------------------
 (0) _main                                                 0     0      0       0
                  _programInitialize
                        _programLoop
 ---------------------------------------------------------------------------------
 (1) _programLoop                                          0     0      0       0
 ---------------------------------------------------------------------------------
 (1) _programInitialize                                    0     0      0       0
 ---------------------------------------------------------------------------------
 Estimated maximum stack depth 1
 ---------------------------------------------------------------------------------

 Call Graph Graphs:

 _main (ROOT)
   _programInitialize
   _programLoop

 Address spaces:
Name               Size   Autos  Total    Cost      Usage
BIGRAM             1F0      0       0       0        0.0%
EEDATA             100      0       0       0        0.0%
NULL                 0      0       0       0        0.0%
CODE                 0      0       0       0        0.0%
BITCOMMON            E      0       0       1        0.0%
BITSFR0              0      0       0       1        0.0%
SFR0                 0      0       0       1        0.0%
COMMON               E      0       0       2        0.0%
BITSFR1              0      0       0       2        0.0%
SFR1                 0      0       0       2        0.0%
BITSFR2              0      0       0       3        0.0%
SFR2                 0      0       0       3        0.0%
STACK                0      0       0       3        0.0%
BITSFR3              0      0       0       4        0.0%
SFR3                 0      0       0       4        0.0%
ABS                  0      0       0       4        0.0%
BITBANK0            50      0       0       5        0.0%
BITSFR4              0      0       0       5        0.0%
SFR4                 0      0       0       5        0.0%
BANK0               50      0       0       6        0.0%
BITSFR5              0      0       0       6        0.0%
SFR5                 0      0       0       6        0.0%
BITBANK1            50      0       0       7        0.0%
BITSFR6              0      0       0       7        0.0%
SFR6                 0      0       0       7        0.0%
BANK1               50      0       0       8        0.0%
BITSFR7              0      0       0       8        0.0%
SFR7                 0      0       0       8        0.0%
BITBANK2            50      0       0       9        0.0%
BITSFR8              0      0       0       9        0.0%
SFR8                 0      0       0       9        0.0%
BANK2               50      0       0      10        0.0%
BITSFR9              0      0       0      10        0.0%
SFR9                 0      0       0      10        0.0%
BITBANK3            50      0       0      11        0.0%
BITSFR10             0      0       0      11        0.0%
SFR10                0      0       0      11        0.0%
BANK3               50      0       0      12        0.0%
BITSFR11             0      0       0      12        0.0%
SFR11                0      0       0      12        0.0%
BITBANK4            50      0       0      13        0.0%
BITSFR12             0      0       0      13        0.0%
SFR12                0      0       0      13        0.0%
BANK4               50      0       0      14        0.0%
BITSFR13             0      0       0      14        0.0%
SFR13                0      0       0      14        0.0%
BITBANK5            50      0       0      15        0.0%
BITSFR14             0      0       0      15        0.0%
SFR14                0      0       0      15        0.0%
BANK5               50      0       0      16        0.0%
BITSFR15             0      0       0      16        0.0%
SFR15                0      0       0      16        0.0%
BITBANK6            10      0       0      17        0.0%
BITSFR16             0      0       0      17        0.0%
SFR16                0      0       0      17        0.0%
BANK6               10      0       0      18        0.0%
BITSFR17             0      0       0      18        0.0%
SFR17                0      0       0      18        0.0%
BITSFR18             0      0       0      19        0.0%
SFR18                0      0       0      19        0.0%
DATA                 0      0       0      19        0.0%
BITSFR19             0      0       0      20        0.0%
SFR19                0      0       0      20        0.0%
BITSFR20             0      0       0      21        0.0%
SFR20                0      0       0      21        0.0%
BITSFR21             0      0       0      22        0.0%
SFR21                0      0       0      22        0.0%
BITSFR22             0      0       0      23        0.0%
SFR22                0      0       0      23        0.0%
BITSFR23             0      0       0      24        0.0%
SFR23                0      0       0      24        0.0%
BITSFR24             0      0       0      25        0.0%
SFR24                0      0       0      25        0.0%
BITSFR25             0      0       0      26        0.0%
SFR25                0      0       0      26        0.0%
BITSFR26             0      0       0      27        0.0%
SFR26                0      0       0      27        0.0%
BITSFR27             0      0       0      28        0.0%
SFR27                0      0       0      28        0.0%
BITSFR28             0      0       0      29        0.0%
SFR28                0      0       0      29        0.0%
BITSFR29             0      0       0      30        0.0%
SFR29                0      0       0      30        0.0%
BITSFR30             0      0       0      31        0.0%
SFR30                0      0       0      31        0.0%
BITSFR31             0      0       0      32        0.0%
SFR31                0      0       0      32        0.0%


Microchip Technology PIC Macro Assembler V2.46 build 20240104201356 
Symbol Table                                                                                   Wed Sep 11 23:56:01 2024

                        l9 07F7                         l15 07F2                         l18 07F3  
                      l626 07F4                       _main 07F4                       btemp 007E  
                     start 0002                      ?_main 0000                      wtemp0 007E  
          __initialization 07FD               __end_of_main 07FD                     ??_main 0000  
  __end_of__initialization 07FD               ?_programLoop 0000             __pcstackCOMMON 0000  
        _programInitialize 07F2                 __pmaintext 07F4         ?_programInitialize 0000  
      ??_programInitialize 0000  __end_of_programInitialize 07F3                    __ptext1 07F3  
                  __ptext2 07F2       end_of_initialization 07FD        start_initialization 07FD  
                ___latbits 0001              ??_programLoop 0000        __end_of_programLoop 07F4  
              _programLoop 07F3  
