

Microchip MPLAB XC8 Assembler V2.46 build 20240104201356 
                                                                                               Wed Sep 18 11:33:10 2024

Microchip MPLAB XC8 C Compiler v2.46 (Free license) build 20240104201356 Og1 
     1                           	processor	16F1783
     2                           	pagewidth 120
     3                           	opt	flic
     4                           	psect	cinit,global,class=CODE,merge=1,delta=2
     5                           	psect	cstackCOMMON,global,class=COMMON,space=1,delta=1,noexec
     6                           	psect	cstackBANK0,global,class=BANK0,space=1,delta=1,noexec
     7                           	psect	maintext,global,class=CODE,merge=1,split=1,delta=2
     8                           	psect	text1,local,class=CODE,merge=1,delta=2
     9                           	psect	text2,local,class=CODE,merge=1,delta=2
    10                           	psect	text3,local,class=CODE,merge=1,delta=2
    11                           	psect	text4,local,class=CODE,merge=1,delta=2
    12                           	psect	text5,local,class=CODE,merge=1,delta=2
    13                           	psect	text6,local,class=CODE,merge=1,delta=2
    14                           	psect	config,global,abs,ovrld,class=CONFIG,space=4,delta=2,noexec
    15                           	dabs	1,0x7E,2
    16     0000                     
    17                           ; Generated 07/09/2023 GMT
    18                           ; 
    19                           ; Copyright © 2023, Microchip Technology Inc. and its subsidiaries ("Microchip")
    20                           ; All rights reserved.
    21                           ; 
    22                           ; This software is developed by Microchip Technology Inc. and its subsidiaries ("Microch
      +                          ip").
    23                           ; 
    24                           ; Redistribution and use in source and binary forms, with or without modification, are
    25                           ; permitted provided that the following conditions are met:
    26                           ; 
    27                           ;     1. Redistributions of source code must retain the above copyright notice, this lis
      +                          t of
    28                           ;        conditions and the following disclaimer.
    29                           ; 
    30                           ;     2. Redistributions in binary form must reproduce the above copyright notice, this 
      +                          list
    31                           ;        of conditions and the following disclaimer in the documentation and/or other
    32                           ;        materials provided with the distribution. Publication is not required when
    33                           ;        this file is used in an embedded application.
    34                           ; 
    35                           ;     3. Microchip's name may not be used to endorse or promote products derived from th
      +                          is
    36                           ;        software without specific prior written permission.
    37                           ; 
    38                           ; THIS SOFTWARE IS PROVIDED BY MICROCHIP "AS IS" AND ANY EXPRESS OR IMPLIED WARRANTIES,
    39                           ; INCLUDING, BUT NOT LIMITED TO, THE IMPLIED WARRANTIES OF MERCHANTABILITY AND FITNESS F
      +                          OR
    40                           ; PURPOSE ARE DISCLAIMED.  IN NO EVENT SHALL MICROCHIP BE LIABLE FOR ANY DIRECT, INDIREC
      +                          T,
    41                           ; INCIDENTAL, SPECIAL, EXEMPLARY, OR CONSEQUENTIAL DAMAGES (INCLUDING BUT NOT LIMITED TO
    42                           ; PROCUREMENT OF SUBSTITUTE GOODS OR SERVICES; LOSS OF USE, DATA OR PROFITS; OR BUSINESS
    43                           ; INTERRUPTION) HOWSOEVER CAUSED AND ON ANY THEORY OF LIABILITY, WHETHER IN CONTRACT, ST
      +                          RICT
    44                           ; LIABILITY, OR TORT (INCLUDING NEGLIGENCE OR OTHERWISE) ARISING IN ANY WAY OUT OF THE U
      +                          SE OF
    45                           ; THIS SOFTWARE, EVEN IF ADVISED OF THE POSSIBILITY OF SUCH DAMAGE.
    46                           ; 
    47                           ; 
    48                           ; Code-generator required, PIC16F1783 Definitions
    49                           ; 
    50                           ; SFR Addresses
    51     0000                     	;# 
    52     0001                     	;# 
    53     0002                     	;# 
    54     0003                     	;# 
    55     0004                     	;# 
    56     0005                     	;# 
    57     0006                     	;# 
    58     0007                     	;# 
    59     0008                     	;# 
    60     0009                     	;# 
    61     000A                     	;# 
    62     000B                     	;# 
    63     000C                     	;# 
    64     000D                     	;# 
    65     000E                     	;# 
    66     0010                     	;# 
    67     0011                     	;# 
    68     0012                     	;# 
    69     0014                     	;# 
    70     0015                     	;# 
    71     0016                     	;# 
    72     0016                     	;# 
    73     0017                     	;# 
    74     0018                     	;# 
    75     0019                     	;# 
    76     001A                     	;# 
    77     001B                     	;# 
    78     001C                     	;# 
    79     008C                     	;# 
    80     008D                     	;# 
    81     008E                     	;# 
    82     0090                     	;# 
    83     0091                     	;# 
    84     0092                     	;# 
    85     0094                     	;# 
    86     0095                     	;# 
    87     0096                     	;# 
    88     0097                     	;# 
    89     0098                     	;# 
    90     0099                     	;# 
    91     009A                     	;# 
    92     009B                     	;# 
    93     009B                     	;# 
    94     009C                     	;# 
    95     009D                     	;# 
    96     009E                     	;# 
    97     009F                     	;# 
    98     010C                     	;# 
    99     010D                     	;# 
   100     010E                     	;# 
   101     0111                     	;# 
   102     0112                     	;# 
   103     0113                     	;# 
   104     0114                     	;# 
   105     0115                     	;# 
   106     0116                     	;# 
   107     0117                     	;# 
   108     0118                     	;# 
   109     0119                     	;# 
   110     011D                     	;# 
   111     011D                     	;# 
   112     011E                     	;# 
   113     011F                     	;# 
   114     018C                     	;# 
   115     018D                     	;# 
   116     0191                     	;# 
   117     0191                     	;# 
   118     0192                     	;# 
   119     0193                     	;# 
   120     0193                     	;# 
   121     0193                     	;# 
   122     0194                     	;# 
   123     0195                     	;# 
   124     0196                     	;# 
   125     0197                     	;# 
   126     0199                     	;# 
   127     0199                     	;# 
   128     0199                     	;# 
   129     019A                     	;# 
   130     019A                     	;# 
   131     019A                     	;# 
   132     019B                     	;# 
   133     019B                     	;# 
   134     019B                     	;# 
   135     019B                     	;# 
   136     019B                     	;# 
   137     019C                     	;# 
   138     019C                     	;# 
   139     019C                     	;# 
   140     019D                     	;# 
   141     019D                     	;# 
   142     019D                     	;# 
   143     019E                     	;# 
   144     019E                     	;# 
   145     019E                     	;# 
   146     019F                     	;# 
   147     019F                     	;# 
   148     019F                     	;# 
   149     019F                     	;# 
   150     019F                     	;# 
   151     020C                     	;# 
   152     020D                     	;# 
   153     020E                     	;# 
   154     0210                     	;# 
   155     0211                     	;# 
   156     0211                     	;# 
   157     0212                     	;# 
   158     0212                     	;# 
   159     0213                     	;# 
   160     0213                     	;# 
   161     0214                     	;# 
   162     0214                     	;# 
   163     0215                     	;# 
   164     0215                     	;# 
   165     0215                     	;# 
   166     0216                     	;# 
   167     0216                     	;# 
   168     0217                     	;# 
   169     0217                     	;# 
   170     028C                     	;# 
   171     028D                     	;# 
   172     028E                     	;# 
   173     0291                     	;# 
   174     0291                     	;# 
   175     0292                     	;# 
   176     0293                     	;# 
   177     0298                     	;# 
   178     0298                     	;# 
   179     0299                     	;# 
   180     029A                     	;# 
   181     030C                     	;# 
   182     030D                     	;# 
   183     030E                     	;# 
   184     038C                     	;# 
   185     038D                     	;# 
   186     038E                     	;# 
   187     0390                     	;# 
   188     0391                     	;# 
   189     0392                     	;# 
   190     0393                     	;# 
   191     0394                     	;# 
   192     0395                     	;# 
   193     0396                     	;# 
   194     0397                     	;# 
   195     0398                     	;# 
   196     0399                     	;# 
   197     039D                     	;# 
   198     039E                     	;# 
   199     039F                     	;# 
   200     0511                     	;# 
   201     0513                     	;# 
   202     051A                     	;# 
   203     0811                     	;# 
   204     0812                     	;# 
   205     0813                     	;# 
   206     0814                     	;# 
   207     0815                     	;# 
   208     0816                     	;# 
   209     0817                     	;# 
   210     0818                     	;# 
   211     0819                     	;# 
   212     081A                     	;# 
   213     081B                     	;# 
   214     081C                     	;# 
   215     081D                     	;# 
   216     081E                     	;# 
   217     081F                     	;# 
   218     0820                     	;# 
   219     0821                     	;# 
   220     0821                     	;# 
   221     0822                     	;# 
   222     0823                     	;# 
   223     0823                     	;# 
   224     0824                     	;# 
   225     0825                     	;# 
   226     0825                     	;# 
   227     0826                     	;# 
   228     0827                     	;# 
   229     0827                     	;# 
   230     0828                     	;# 
   231     0829                     	;# 
   232     082A                     	;# 
   233     082B                     	;# 
   234     082C                     	;# 
   235     082D                     	;# 
   236     082E                     	;# 
   237     082F                     	;# 
   238     0831                     	;# 
   239     0832                     	;# 
   240     0833                     	;# 
   241     0834                     	;# 
   242     0835                     	;# 
   243     0836                     	;# 
   244     0837                     	;# 
   245     0838                     	;# 
   246     0839                     	;# 
   247     083A                     	;# 
   248     083B                     	;# 
   249     083C                     	;# 
   250     083D                     	;# 
   251     083E                     	;# 
   252     083F                     	;# 
   253     0840                     	;# 
   254     0841                     	;# 
   255     0841                     	;# 
   256     0842                     	;# 
   257     0843                     	;# 
   258     0843                     	;# 
   259     0844                     	;# 
   260     0845                     	;# 
   261     0845                     	;# 
   262     0846                     	;# 
   263     0847                     	;# 
   264     0847                     	;# 
   265     0848                     	;# 
   266     0849                     	;# 
   267     084A                     	;# 
   268     084B                     	;# 
   269     084C                     	;# 
   270     084D                     	;# 
   271     084E                     	;# 
   272     084F                     	;# 
   273     0FE4                     	;# 
   274     0FE5                     	;# 
   275     0FE6                     	;# 
   276     0FE7                     	;# 
   277     0FE8                     	;# 
   278     0FE9                     	;# 
   279     0FEA                     	;# 
   280     0FEB                     	;# 
   281     0FED                     	;# 
   282     0FEE                     	;# 
   283     0FEF                     	;# 
   284     0000                     	;# 
   285     0001                     	;# 
   286     0002                     	;# 
   287     0003                     	;# 
   288     0004                     	;# 
   289     0005                     	;# 
   290     0006                     	;# 
   291     0007                     	;# 
   292     0008                     	;# 
   293     0009                     	;# 
   294     000A                     	;# 
   295     000B                     	;# 
   296     000C                     	;# 
   297     000D                     	;# 
   298     000E                     	;# 
   299     0010                     	;# 
   300     0011                     	;# 
   301     0012                     	;# 
   302     0014                     	;# 
   303     0015                     	;# 
   304     0016                     	;# 
   305     0016                     	;# 
   306     0017                     	;# 
   307     0018                     	;# 
   308     0019                     	;# 
   309     001A                     	;# 
   310     001B                     	;# 
   311     001C                     	;# 
   312     008C                     	;# 
   313     008D                     	;# 
   314     008E                     	;# 
   315     0090                     	;# 
   316     0091                     	;# 
   317     0092                     	;# 
   318     0094                     	;# 
   319     0095                     	;# 
   320     0096                     	;# 
   321     0097                     	;# 
   322     0098                     	;# 
   323     0099                     	;# 
   324     009A                     	;# 
   325     009B                     	;# 
   326     009B                     	;# 
   327     009C                     	;# 
   328     009D                     	;# 
   329     009E                     	;# 
   330     009F                     	;# 
   331     010C                     	;# 
   332     010D                     	;# 
   333     010E                     	;# 
   334     0111                     	;# 
   335     0112                     	;# 
   336     0113                     	;# 
   337     0114                     	;# 
   338     0115                     	;# 
   339     0116                     	;# 
   340     0117                     	;# 
   341     0118                     	;# 
   342     0119                     	;# 
   343     011D                     	;# 
   344     011D                     	;# 
   345     011E                     	;# 
   346     011F                     	;# 
   347     018C                     	;# 
   348     018D                     	;# 
   349     0191                     	;# 
   350     0191                     	;# 
   351     0192                     	;# 
   352     0193                     	;# 
   353     0193                     	;# 
   354     0193                     	;# 
   355     0194                     	;# 
   356     0195                     	;# 
   357     0196                     	;# 
   358     0197                     	;# 
   359     0199                     	;# 
   360     0199                     	;# 
   361     0199                     	;# 
   362     019A                     	;# 
   363     019A                     	;# 
   364     019A                     	;# 
   365     019B                     	;# 
   366     019B                     	;# 
   367     019B                     	;# 
   368     019B                     	;# 
   369     019B                     	;# 
   370     019C                     	;# 
   371     019C                     	;# 
   372     019C                     	;# 
   373     019D                     	;# 
   374     019D                     	;# 
   375     019D                     	;# 
   376     019E                     	;# 
   377     019E                     	;# 
   378     019E                     	;# 
   379     019F                     	;# 
   380     019F                     	;# 
   381     019F                     	;# 
   382     019F                     	;# 
   383     019F                     	;# 
   384     020C                     	;# 
   385     020D                     	;# 
   386     020E                     	;# 
   387     0210                     	;# 
   388     0211                     	;# 
   389     0211                     	;# 
   390     0212                     	;# 
   391     0212                     	;# 
   392     0213                     	;# 
   393     0213                     	;# 
   394     0214                     	;# 
   395     0214                     	;# 
   396     0215                     	;# 
   397     0215                     	;# 
   398     0215                     	;# 
   399     0216                     	;# 
   400     0216                     	;# 
   401     0217                     	;# 
   402     0217                     	;# 
   403     028C                     	;# 
   404     028D                     	;# 
   405     028E                     	;# 
   406     0291                     	;# 
   407     0291                     	;# 
   408     0292                     	;# 
   409     0293                     	;# 
   410     0298                     	;# 
   411     0298                     	;# 
   412     0299                     	;# 
   413     029A                     	;# 
   414     030C                     	;# 
   415     030D                     	;# 
   416     030E                     	;# 
   417     038C                     	;# 
   418     038D                     	;# 
   419     038E                     	;# 
   420     0390                     	;# 
   421     0391                     	;# 
   422     0392                     	;# 
   423     0393                     	;# 
   424     0394                     	;# 
   425     0395                     	;# 
   426     0396                     	;# 
   427     0397                     	;# 
   428     0398                     	;# 
   429     0399                     	;# 
   430     039D                     	;# 
   431     039E                     	;# 
   432     039F                     	;# 
   433     0511                     	;# 
   434     0513                     	;# 
   435     051A                     	;# 
   436     0811                     	;# 
   437     0812                     	;# 
   438     0813                     	;# 
   439     0814                     	;# 
   440     0815                     	;# 
   441     0816                     	;# 
   442     0817                     	;# 
   443     0818                     	;# 
   444     0819                     	;# 
   445     081A                     	;# 
   446     081B                     	;# 
   447     081C                     	;# 
   448     081D                     	;# 
   449     081E                     	;# 
   450     081F                     	;# 
   451     0820                     	;# 
   452     0821                     	;# 
   453     0821                     	;# 
   454     0822                     	;# 
   455     0823                     	;# 
   456     0823                     	;# 
   457     0824                     	;# 
   458     0825                     	;# 
   459     0825                     	;# 
   460     0826                     	;# 
   461     0827                     	;# 
   462     0827                     	;# 
   463     0828                     	;# 
   464     0829                     	;# 
   465     082A                     	;# 
   466     082B                     	;# 
   467     082C                     	;# 
   468     082D                     	;# 
   469     082E                     	;# 
   470     082F                     	;# 
   471     0831                     	;# 
   472     0832                     	;# 
   473     0833                     	;# 
   474     0834                     	;# 
   475     0835                     	;# 
   476     0836                     	;# 
   477     0837                     	;# 
   478     0838                     	;# 
   479     0839                     	;# 
   480     083A                     	;# 
   481     083B                     	;# 
   482     083C                     	;# 
   483     083D                     	;# 
   484     083E                     	;# 
   485     083F                     	;# 
   486     0840                     	;# 
   487     0841                     	;# 
   488     0841                     	;# 
   489     0842                     	;# 
   490     0843                     	;# 
   491     0843                     	;# 
   492     0844                     	;# 
   493     0845                     	;# 
   494     0845                     	;# 
   495     0846                     	;# 
   496     0847                     	;# 
   497     0847                     	;# 
   498     0848                     	;# 
   499     0849                     	;# 
   500     084A                     	;# 
   501     084B                     	;# 
   502     084C                     	;# 
   503     084D                     	;# 
   504     084E                     	;# 
   505     084F                     	;# 
   506     0FE4                     	;# 
   507     0FE5                     	;# 
   508     0FE6                     	;# 
   509     0FE7                     	;# 
   510     0FE8                     	;# 
   511     0FE9                     	;# 
   512     0FEA                     	;# 
   513     0FEB                     	;# 
   514     0FED                     	;# 
   515     0FEE                     	;# 
   516     0FEF                     	;# 
   517     0000                     	;# 
   518     0001                     	;# 
   519     0002                     	;# 
   520     0003                     	;# 
   521     0004                     	;# 
   522     0005                     	;# 
   523     0006                     	;# 
   524     0007                     	;# 
   525     0008                     	;# 
   526     0009                     	;# 
   527     000A                     	;# 
   528     000B                     	;# 
   529     000C                     	;# 
   530     000D                     	;# 
   531     000E                     	;# 
   532     0010                     	;# 
   533     0011                     	;# 
   534     0012                     	;# 
   535     0014                     	;# 
   536     0015                     	;# 
   537     0016                     	;# 
   538     0016                     	;# 
   539     0017                     	;# 
   540     0018                     	;# 
   541     0019                     	;# 
   542     001A                     	;# 
   543     001B                     	;# 
   544     001C                     	;# 
   545     008C                     	;# 
   546     008D                     	;# 
   547     008E                     	;# 
   548     0090                     	;# 
   549     0091                     	;# 
   550     0092                     	;# 
   551     0094                     	;# 
   552     0095                     	;# 
   553     0096                     	;# 
   554     0097                     	;# 
   555     0098                     	;# 
   556     0099                     	;# 
   557     009A                     	;# 
   558     009B                     	;# 
   559     009B                     	;# 
   560     009C                     	;# 
   561     009D                     	;# 
   562     009E                     	;# 
   563     009F                     	;# 
   564     010C                     	;# 
   565     010D                     	;# 
   566     010E                     	;# 
   567     0111                     	;# 
   568     0112                     	;# 
   569     0113                     	;# 
   570     0114                     	;# 
   571     0115                     	;# 
   572     0116                     	;# 
   573     0117                     	;# 
   574     0118                     	;# 
   575     0119                     	;# 
   576     011D                     	;# 
   577     011D                     	;# 
   578     011E                     	;# 
   579     011F                     	;# 
   580     018C                     	;# 
   581     018D                     	;# 
   582     0191                     	;# 
   583     0191                     	;# 
   584     0192                     	;# 
   585     0193                     	;# 
   586     0193                     	;# 
   587     0193                     	;# 
   588     0194                     	;# 
   589     0195                     	;# 
   590     0196                     	;# 
   591     0197                     	;# 
   592     0199                     	;# 
   593     0199                     	;# 
   594     0199                     	;# 
   595     019A                     	;# 
   596     019A                     	;# 
   597     019A                     	;# 
   598     019B                     	;# 
   599     019B                     	;# 
   600     019B                     	;# 
   601     019B                     	;# 
   602     019B                     	;# 
   603     019C                     	;# 
   604     019C                     	;# 
   605     019C                     	;# 
   606     019D                     	;# 
   607     019D                     	;# 
   608     019D                     	;# 
   609     019E                     	;# 
   610     019E                     	;# 
   611     019E                     	;# 
   612     019F                     	;# 
   613     019F                     	;# 
   614     019F                     	;# 
   615     019F                     	;# 
   616     019F                     	;# 
   617     020C                     	;# 
   618     020D                     	;# 
   619     020E                     	;# 
   620     0210                     	;# 
   621     0211                     	;# 
   622     0211                     	;# 
   623     0212                     	;# 
   624     0212                     	;# 
   625     0213                     	;# 
   626     0213                     	;# 
   627     0214                     	;# 
   628     0214                     	;# 
   629     0215                     	;# 
   630     0215                     	;# 
   631     0215                     	;# 
   632     0216                     	;# 
   633     0216                     	;# 
   634     0217                     	;# 
   635     0217                     	;# 
   636     028C                     	;# 
   637     028D                     	;# 
   638     028E                     	;# 
   639     0291                     	;# 
   640     0291                     	;# 
   641     0292                     	;# 
   642     0293                     	;# 
   643     0298                     	;# 
   644     0298                     	;# 
   645     0299                     	;# 
   646     029A                     	;# 
   647     030C                     	;# 
   648     030D                     	;# 
   649     030E                     	;# 
   650     038C                     	;# 
   651     038D                     	;# 
   652     038E                     	;# 
   653     0390                     	;# 
   654     0391                     	;# 
   655     0392                     	;# 
   656     0393                     	;# 
   657     0394                     	;# 
   658     0395                     	;# 
   659     0396                     	;# 
   660     0397                     	;# 
   661     0398                     	;# 
   662     0399                     	;# 
   663     039D                     	;# 
   664     039E                     	;# 
   665     039F                     	;# 
   666     0511                     	;# 
   667     0513                     	;# 
   668     051A                     	;# 
   669     0811                     	;# 
   670     0812                     	;# 
   671     0813                     	;# 
   672     0814                     	;# 
   673     0815                     	;# 
   674     0816                     	;# 
   675     0817                     	;# 
   676     0818                     	;# 
   677     0819                     	;# 
   678     081A                     	;# 
   679     081B                     	;# 
   680     081C                     	;# 
   681     081D                     	;# 
   682     081E                     	;# 
   683     081F                     	;# 
   684     0820                     	;# 
   685     0821                     	;# 
   686     0821                     	;# 
   687     0822                     	;# 
   688     0823                     	;# 
   689     0823                     	;# 
   690     0824                     	;# 
   691     0825                     	;# 
   692     0825                     	;# 
   693     0826                     	;# 
   694     0827                     	;# 
   695     0827                     	;# 
   696     0828                     	;# 
   697     0829                     	;# 
   698     082A                     	;# 
   699     082B                     	;# 
   700     082C                     	;# 
   701     082D                     	;# 
   702     082E                     	;# 
   703     082F                     	;# 
   704     0831                     	;# 
   705     0832                     	;# 
   706     0833                     	;# 
   707     0834                     	;# 
   708     0835                     	;# 
   709     0836                     	;# 
   710     0837                     	;# 
   711     0838                     	;# 
   712     0839                     	;# 
   713     083A                     	;# 
   714     083B                     	;# 
   715     083C                     	;# 
   716     083D                     	;# 
   717     083E                     	;# 
   718     083F                     	;# 
   719     0840                     	;# 
   720     0841                     	;# 
   721     0841                     	;# 
   722     0842                     	;# 
   723     0843                     	;# 
   724     0843                     	;# 
   725     0844                     	;# 
   726     0845                     	;# 
   727     0845                     	;# 
   728     0846                     	;# 
   729     0847                     	;# 
   730     0847                     	;# 
   731     0848                     	;# 
   732     0849                     	;# 
   733     084A                     	;# 
   734     084B                     	;# 
   735     084C                     	;# 
   736     084D                     	;# 
   737     084E                     	;# 
   738     084F                     	;# 
   739     0FE4                     	;# 
   740     0FE5                     	;# 
   741     0FE6                     	;# 
   742     0FE7                     	;# 
   743     0FE8                     	;# 
   744     0FE9                     	;# 
   745     0FEA                     	;# 
   746     0FEB                     	;# 
   747     0FED                     	;# 
   748     0FEE                     	;# 
   749     0FEF                     	;# 
   750     008D                     _TRISBbits	set	141
   751     010D                     _LATBbits	set	269
   752                           
   753                           	psect	cinit
   754     07FD                     start_initialization:	
   755                           ; #config settings
   756                           
   757     07FD                     __initialization:
   758     07FD                     end_of_initialization:	
   759                           ;End of C runtime variable initialization code
   760                           
   761     07FD                     __end_of__initialization:
   762     07FD  0020               	movlb	0
   763     07FE  3187  2F85         	ljmp	_main	;jump to C main() function
   764                           
   765                           	psect	cstackCOMMON
   766     0070                     __pcstackCOMMON:
   767     0070                     ?_programInitialize:
   768     0070                     ??_programInitialize:	
   769                           ; 1 bytes @ 0x0
   770                           
   771     0070                     ?_programLoop:	
   772                           ; 1 bytes @ 0x0
   773                           
   774     0070                     ?_led_Blink2p1:	
   775                           ; 1 bytes @ 0x0
   776                           
   777     0070                     ?_main:	
   778                           ; 1 bytes @ 0x0
   779                           
   780     0070                     ?_delay_x1o5us:	
   781                           ; 1 bytes @ 0x0
   782                           
   783     0070                     ??_delay_x1o5us:	
   784                           ; 1 bytes @ 0x0
   785                           
   786                           
   787                           ; 1 bytes @ 0x0
   788     0070                     	ds	1
   789     0071                     delay_x1o5us@delay:
   790                           
   791                           ; 1 bytes @ 0x1
   792     0071                     	ds	1
   793     0072                     delay_x1o5us@i:
   794                           
   795                           ; 1 bytes @ 0x2
   796     0072                     	ds	1
   797     0073                     ?_delay_x24o25us:
   798     0073                     delay_x24o25us@delay:	
   799                           ; 1 bytes @ 0x3
   800                           
   801                           
   802                           ; 2 bytes @ 0x3
   803     0073                     	ds	2
   804     0075                     ??_delay_x24o25us:
   805     0075                     delay_x24o25us@i:	
   806                           ; 1 bytes @ 0x5
   807                           
   808                           
   809                           ; 2 bytes @ 0x5
   810     0075                     	ds	2
   811     0077                     ?_delay_ms:
   812     0077                     delay_ms@delay:	
   813                           ; 1 bytes @ 0x7
   814                           
   815                           
   816                           ; 4 bytes @ 0x7
   817     0077                     	ds	4
   818     007B                     ??_programLoop:
   819     007B                     ??_led_Blink2p1:	
   820                           ; 1 bytes @ 0xB
   821                           
   822     007B                     ??_main:	
   823                           ; 1 bytes @ 0xB
   824                           
   825     007B                     ??_delay_ms:	
   826                           ; 1 bytes @ 0xB
   827                           
   828                           
   829                           	psect	cstackBANK0
   830     0020                     __pcstackBANK0:	
   831                           ; 1 bytes @ 0xB
   832                           
   833     0020                     delay_ms@i:
   834                           
   835                           ; 4 bytes @ 0x0
   836     0020                     	ds	4
   837                           
   838                           	psect	maintext
   839     0785                     __pmaintext:	
   840 ;;
   841 ;;Main: autosize = 0, tempsize = 0, incstack = 0, save=0
   842 ;;
   843 ;; *************** function _main *****************
   844 ;; Defined at:
   845 ;;		line 26 in file "main.c"
   846 ;; Parameters:    Size  Location     Type
   847 ;;		None
   848 ;; Auto vars:     Size  Location     Type
   849 ;;		None
   850 ;; Return value:  Size  Location     Type
   851 ;;                  1    wreg      void 
   852 ;; Registers used:
   853 ;;		wreg, status,2, status,0, pclath, cstack
   854 ;; Tracked objects:
   855 ;;		On entry : B1F/0
   856 ;;		On exit  : 0/0
   857 ;;		Unchanged: 0/0
   858 ;; Data sizes:     COMMON   BANK0   BANK1   BANK2   BANK3   BANK4   BANK5   BANK6
   859 ;;      Params:         0       0       0       0       0       0       0       0
   860 ;;      Locals:         0       0       0       0       0       0       0       0
   861 ;;      Temps:          0       0       0       0       0       0       0       0
   862 ;;      Totals:         0       0       0       0       0       0       0       0
   863 ;;Total ram usage:        0 bytes
   864 ;; Hardware stack levels required when called: 5
   865 ;; This function calls:
   866 ;;		_programInitialize
   867 ;;		_programLoop
   868 ;; This function is called by:
   869 ;;		Startup code after reset
   870 ;; This function uses a non-reentrant model
   871 ;;
   872                           
   873     0785                     _main:	
   874                           ;psect for function _main
   875                           
   876     0785                     l750:	
   877                           ;incstack = 0
   878                           ; Regs used in _main: [wreg+status,2+status,0+pclath+cstack]
   879                           
   880                           
   881                           ;main.c: 27:     programInitialize();
   882     0785  3187  277C  3187   	fcall	_programInitialize
   883     0788                     l752:
   884                           
   885                           ;main.c: 30:         programLoop();
   886     0788  3187  2778  3187   	fcall	_programLoop
   887     078B  2F88               	goto	l752
   888     078C  3180  2802         	ljmp	start
   889     078E                     __end_of_main:
   890                           
   891                           	psect	text1
   892     0778                     __ptext1:	
   893 ;; *************** function _programLoop *****************
   894 ;; Defined at:
   895 ;;		line 28 in file "program.c"
   896 ;; Parameters:    Size  Location     Type
   897 ;;		None
   898 ;; Auto vars:     Size  Location     Type
   899 ;;		None
   900 ;; Return value:  Size  Location     Type
   901 ;;                  1    wreg      void 
   902 ;; Registers used:
   903 ;;		wreg, status,2, status,0, pclath, cstack
   904 ;; Tracked objects:
   905 ;;		On entry : 0/0
   906 ;;		On exit  : 0/0
   907 ;;		Unchanged: 0/0
   908 ;; Data sizes:     COMMON   BANK0   BANK1   BANK2   BANK3   BANK4   BANK5   BANK6
   909 ;;      Params:         0       0       0       0       0       0       0       0
   910 ;;      Locals:         0       0       0       0       0       0       0       0
   911 ;;      Temps:          0       0       0       0       0       0       0       0
   912 ;;      Totals:         0       0       0       0       0       0       0       0
   913 ;;Total ram usage:        0 bytes
   914 ;; Hardware stack levels used: 1
   915 ;; Hardware stack levels required when called: 4
   916 ;; This function calls:
   917 ;;		_led_Blink2p1
   918 ;; This function is called by:
   919 ;;		_main
   920 ;; This function uses a non-reentrant model
   921 ;;
   922                           
   923     0778                     _programLoop:	
   924                           ;psect for function _programLoop
   925                           
   926     0778                     l748:	
   927                           ;incstack = 0
   928                           ; Regs used in _programLoop: [wreg+status,2+status,0+pclath+cstack]
   929                           
   930                           
   931                           ;program.c: 29:     led_Blink2p1();
   932     0778  3187  27B3  3187   	fcall	_led_Blink2p1
   933     077B                     l44:
   934     077B  0008               	return
   935     077C                     __end_of_programLoop:
   936                           
   937                           	psect	text2
   938     07B3                     __ptext2:	
   939 ;; *************** function _led_Blink2p1 *****************
   940 ;; Defined at:
   941 ;;		line 55 in file "program.c"
   942 ;; Parameters:    Size  Location     Type
   943 ;;		None
   944 ;; Auto vars:     Size  Location     Type
   945 ;;		None
   946 ;; Return value:  Size  Location     Type
   947 ;;                  1    wreg      void 
   948 ;; Registers used:
   949 ;;		wreg, status,2, status,0, pclath, cstack
   950 ;; Tracked objects:
   951 ;;		On entry : 0/0
   952 ;;		On exit  : 0/0
   953 ;;		Unchanged: 0/0
   954 ;; Data sizes:     COMMON   BANK0   BANK1   BANK2   BANK3   BANK4   BANK5   BANK6
   955 ;;      Params:         0       0       0       0       0       0       0       0
   956 ;;      Locals:         0       0       0       0       0       0       0       0
   957 ;;      Temps:          0       0       0       0       0       0       0       0
   958 ;;      Totals:         0       0       0       0       0       0       0       0
   959 ;;Total ram usage:        0 bytes
   960 ;; Hardware stack levels used: 1
   961 ;; Hardware stack levels required when called: 3
   962 ;; This function calls:
   963 ;;		_delay_ms
   964 ;; This function is called by:
   965 ;;		_programLoop
   966 ;; This function uses a non-reentrant model
   967 ;;
   968                           
   969     07B3                     _led_Blink2p1:	
   970                           ;psect for function _led_Blink2p1
   971                           
   972     07B3                     l740:	
   973                           ;incstack = 0
   974                           ; Regs used in _led_Blink2p1: [wreg+status,2+status,0+pclath+cstack]
   975                           
   976                           
   977                           ;program.c: 56:     LATBbits.LATB6 = 1;
   978     07B3  0022               	movlb	2	; select bank2
   979     07B4  170D               	bsf	13,6	;volatile
   980                           
   981                           ;program.c: 57:     LATBbits.LATB7 = 0;
   982     07B5  138D               	bcf	13,7	;volatile
   983     07B6                     l742:
   984                           
   985                           ;program.c: 58:     delay_ms(500);
   986     07B6  3000               	movlw	0
   987     07B7  00FA               	movwf	delay_ms@delay+3
   988     07B8  3000               	movlw	0
   989     07B9  00F9               	movwf	delay_ms@delay+2
   990     07BA  3001               	movlw	1
   991     07BB  00F8               	movwf	delay_ms@delay+1
   992     07BC  30F4               	movlw	244
   993     07BD  00F7               	movwf	delay_ms@delay
   994     07BE  3187  27D0  3187   	fcall	_delay_ms
   995     07C1                     l744:
   996                           
   997                           ;program.c: 60:     LATBbits.LATB6 = 0;
   998     07C1  0022               	movlb	2	; select bank2
   999     07C2  130D               	bcf	13,6	;volatile
  1000     07C3                     l746:
  1001                           
  1002                           ;program.c: 61:     LATBbits.LATB7 = 1;
  1003     07C3  178D               	bsf	13,7	;volatile
  1004                           
  1005                           ;program.c: 62:     delay_ms(500);
  1006     07C4  3000               	movlw	0
  1007     07C5  00FA               	movwf	delay_ms@delay+3
  1008     07C6  3000               	movlw	0
  1009     07C7  00F9               	movwf	delay_ms@delay+2
  1010     07C8  3001               	movlw	1
  1011     07C9  00F8               	movwf	delay_ms@delay+1
  1012     07CA  30F4               	movlw	244
  1013     07CB  00F7               	movwf	delay_ms@delay
  1014     07CC  3187  27D0  3187   	fcall	_delay_ms
  1015     07CF                     l56:
  1016     07CF  0008               	return
  1017     07D0                     __end_of_led_Blink2p1:
  1018                           
  1019                           	psect	text3
  1020     07D0                     __ptext3:	
  1021 ;; *************** function _delay_ms *****************
  1022 ;; Defined at:
  1023 ;;		line 15 in file "program.c"
  1024 ;; Parameters:    Size  Location     Type
  1025 ;;  delay           4    7[COMMON] unsigned long 
  1026 ;; Auto vars:     Size  Location     Type
  1027 ;;  i               4    0[BANK0 ] unsigned long 
  1028 ;; Return value:  Size  Location     Type
  1029 ;;                  1    wreg      void 
  1030 ;; Registers used:
  1031 ;;		wreg, status,2, status,0, pclath, cstack
  1032 ;; Tracked objects:
  1033 ;;		On entry : 0/0
  1034 ;;		On exit  : 0/0
  1035 ;;		Unchanged: 0/0
  1036 ;; Data sizes:     COMMON   BANK0   BANK1   BANK2   BANK3   BANK4   BANK5   BANK6
  1037 ;;      Params:         4       0       0       0       0       0       0       0
  1038 ;;      Locals:         0       4       0       0       0       0       0       0
  1039 ;;      Temps:          0       0       0       0       0       0       0       0
  1040 ;;      Totals:         4       4       0       0       0       0       0       0
  1041 ;;Total ram usage:        8 bytes
  1042 ;; Hardware stack levels used: 1
  1043 ;; Hardware stack levels required when called: 2
  1044 ;; This function calls:
  1045 ;;		_delay_x24o25us
  1046 ;; This function is called by:
  1047 ;;		_led_Blink2p1
  1048 ;;		_led_Blink1p0
  1049 ;;		_led_Blink1p1
  1050 ;;		_led_Blink2p0
  1051 ;; This function uses a non-reentrant model
  1052 ;;
  1053                           
  1054     07D0                     _delay_ms:	
  1055                           ;psect for function _delay_ms
  1056                           
  1057     07D0                     l732:	
  1058                           ;incstack = 0
  1059                           ; Regs used in _delay_ms: [wreg+status,2+status,0+pclath+cstack]
  1060                           
  1061                           
  1062                           ;program.c: 16:     for(uint32_t i=0; i<delay; i++) delay_x24o25us(41);
  1063     07D0  3000               	movlw	0
  1064     07D1  0020               	movlb	0	; select bank0
  1065     07D2  00A3               	movwf	delay_ms@i+3
  1066     07D3  3000               	movlw	0
  1067     07D4  00A2               	movwf	delay_ms@i+2
  1068     07D5  3000               	movlw	0
  1069     07D6  00A1               	movwf	delay_ms@i+1
  1070     07D7  3000               	movlw	0
  1071     07D8  00A0               	movwf	delay_ms@i
  1072     07D9  2FEA               	goto	l738
  1073     07DA                     l734:
  1074     07DA  3029               	movlw	41
  1075     07DB  00F3               	movwf	delay_x24o25us@delay
  1076     07DC  3000               	movlw	0
  1077     07DD  00F4               	movwf	delay_x24o25us@delay+1
  1078     07DE  3187  279D  3187   	fcall	_delay_x24o25us
  1079     07E1                     l736:
  1080     07E1  3001               	movlw	1
  1081     07E2  0020               	movlb	0	; select bank0
  1082     07E3  07A0               	addwf	delay_ms@i,f
  1083     07E4  3000               	movlw	0
  1084     07E5  3DA1               	addwfc	delay_ms@i+1,f
  1085     07E6  3000               	movlw	0
  1086     07E7  3DA2               	addwfc	delay_ms@i+2,f
  1087     07E8  3000               	movlw	0
  1088     07E9  3DA3               	addwfc	delay_ms@i+3,f
  1089     07EA                     l738:
  1090     07EA  087A               	movf	delay_ms@delay+3,w
  1091     07EB  0223               	subwf	delay_ms@i+3,w
  1092     07EC  1D03               	skipz
  1093     07ED  2FF8               	goto	u145
  1094     07EE  0879               	movf	delay_ms@delay+2,w
  1095     07EF  0222               	subwf	delay_ms@i+2,w
  1096     07F0  1D03               	skipz
  1097     07F1  2FF8               	goto	u145
  1098     07F2  0878               	movf	delay_ms@delay+1,w
  1099     07F3  0221               	subwf	delay_ms@i+1,w
  1100     07F4  1D03               	skipz
  1101     07F5  2FF8               	goto	u145
  1102     07F6  0877               	movf	delay_ms@delay,w
  1103     07F7  0220               	subwf	delay_ms@i,w
  1104     07F8                     u145:
  1105     07F8  1C03               	skipc
  1106     07F9  2FFB               	goto	u141
  1107     07FA  2FFC               	goto	u140
  1108     07FB                     u141:
  1109     07FB  2FDA               	goto	l734
  1110     07FC                     u140:
  1111     07FC                     l38:
  1112     07FC  0008               	return
  1113     07FD                     __end_of_delay_ms:
  1114                           
  1115                           	psect	text4
  1116     079D                     __ptext4:	
  1117 ;; *************** function _delay_x24o25us *****************
  1118 ;; Defined at:
  1119 ;;		line 10 in file "program.c"
  1120 ;; Parameters:    Size  Location     Type
  1121 ;;  delay           2    3[COMMON] unsigned short 
  1122 ;; Auto vars:     Size  Location     Type
  1123 ;;  i               2    5[COMMON] unsigned short 
  1124 ;; Return value:  Size  Location     Type
  1125 ;;                  1    wreg      void 
  1126 ;; Registers used:
  1127 ;;		wreg, status,2, status,0, pclath, cstack
  1128 ;; Tracked objects:
  1129 ;;		On entry : 0/0
  1130 ;;		On exit  : 0/0
  1131 ;;		Unchanged: 0/0
  1132 ;; Data sizes:     COMMON   BANK0   BANK1   BANK2   BANK3   BANK4   BANK5   BANK6
  1133 ;;      Params:         2       0       0       0       0       0       0       0
  1134 ;;      Locals:         2       0       0       0       0       0       0       0
  1135 ;;      Temps:          0       0       0       0       0       0       0       0
  1136 ;;      Totals:         4       0       0       0       0       0       0       0
  1137 ;;Total ram usage:        4 bytes
  1138 ;; Hardware stack levels used: 1
  1139 ;; Hardware stack levels required when called: 1
  1140 ;; This function calls:
  1141 ;;		_delay_x1o5us
  1142 ;; This function is called by:
  1143 ;;		_delay_ms
  1144 ;; This function uses a non-reentrant model
  1145 ;;
  1146                           
  1147     079D                     _delay_x24o25us:	
  1148                           ;psect for function _delay_x24o25us
  1149                           
  1150     079D                     l724:	
  1151                           ;incstack = 0
  1152                           ; Regs used in _delay_x24o25us: [wreg+status,2+status,0+pclath+cstack]
  1153                           
  1154                           
  1155                           ;program.c: 11:     for(uint16_t i=0; i<delay; i++) delay_x1o5us(15);
  1156     079D  01F5               	clrf	delay_x24o25us@i
  1157     079E  01F6               	clrf	delay_x24o25us@i+1
  1158     079F  2FA8               	goto	l730
  1159     07A0                     l726:
  1160     07A0  300F               	movlw	15
  1161     07A1  3187  278E  3187   	fcall	_delay_x1o5us
  1162     07A4                     l728:
  1163     07A4  3001               	movlw	1
  1164     07A5  07F5               	addwf	delay_x24o25us@i,f
  1165     07A6  3000               	movlw	0
  1166     07A7  3DF6               	addwfc	delay_x24o25us@i+1,f
  1167     07A8                     l730:
  1168     07A8  0874               	movf	delay_x24o25us@delay+1,w
  1169     07A9  0276               	subwf	delay_x24o25us@i+1,w
  1170     07AA  1D03               	skipz
  1171     07AB  2FAE               	goto	u135
  1172     07AC  0873               	movf	delay_x24o25us@delay,w
  1173     07AD  0275               	subwf	delay_x24o25us@i,w
  1174     07AE                     u135:
  1175     07AE  1C03               	skipc
  1176     07AF  2FB1               	goto	u131
  1177     07B0  2FB2               	goto	u130
  1178     07B1                     u131:
  1179     07B1  2FA0               	goto	l726
  1180     07B2                     u130:
  1181     07B2                     l32:
  1182     07B2  0008               	return
  1183     07B3                     __end_of_delay_x24o25us:
  1184                           
  1185                           	psect	text5
  1186     078E                     __ptext5:	
  1187 ;; *************** function _delay_x1o5us *****************
  1188 ;; Defined at:
  1189 ;;		line 5 in file "program.c"
  1190 ;; Parameters:    Size  Location     Type
  1191 ;;  delay           1    wreg     unsigned char 
  1192 ;; Auto vars:     Size  Location     Type
  1193 ;;  delay           1    1[COMMON] unsigned char 
  1194 ;;  i               1    2[COMMON] unsigned char 
  1195 ;; Return value:  Size  Location     Type
  1196 ;;                  1    wreg      void 
  1197 ;; Registers used:
  1198 ;;		wreg, status,2, status,0
  1199 ;; Tracked objects:
  1200 ;;		On entry : 0/0
  1201 ;;		On exit  : 0/0
  1202 ;;		Unchanged: 0/0
  1203 ;; Data sizes:     COMMON   BANK0   BANK1   BANK2   BANK3   BANK4   BANK5   BANK6
  1204 ;;      Params:         0       0       0       0       0       0       0       0
  1205 ;;      Locals:         2       0       0       0       0       0       0       0
  1206 ;;      Temps:          1       0       0       0       0       0       0       0
  1207 ;;      Totals:         3       0       0       0       0       0       0       0
  1208 ;;Total ram usage:        3 bytes
  1209 ;; Hardware stack levels used: 1
  1210 ;; This function calls:
  1211 ;;		Nothing
  1212 ;; This function is called by:
  1213 ;;		_delay_x24o25us
  1214 ;; This function uses a non-reentrant model
  1215 ;;
  1216                           
  1217     078E                     _delay_x1o5us:	
  1218                           ;psect for function _delay_x1o5us
  1219                           
  1220                           
  1221                           ;incstack = 0
  1222                           ; Regs used in _delay_x1o5us: [wreg+status,2+status,0]
  1223                           ;delay_x1o5us@delay stored from wreg
  1224     078E  00F1               	movwf	delay_x1o5us@delay
  1225     078F                     l718:
  1226                           
  1227                           ;program.c: 6:     for(uint8_t i=0; i<delay; i++) __nop();
  1228     078F  01F2               	clrf	delay_x1o5us@i
  1229     0790  2F96               	goto	l722
  1230     0791                     l24:
  1231     0791  0000               	nop
  1232     0792                     l720:
  1233     0792  3001               	movlw	1
  1234     0793  00F0               	movwf	??_delay_x1o5us
  1235     0794  0870               	movf	??_delay_x1o5us,w
  1236     0795  07F2               	addwf	delay_x1o5us@i,f
  1237     0796                     l722:
  1238     0796  0871               	movf	delay_x1o5us@delay,w
  1239     0797  0272               	subwf	delay_x1o5us@i,w
  1240     0798  1C03               	skipc
  1241     0799  2F9B               	goto	u121
  1242     079A  2F9C               	goto	u120
  1243     079B                     u121:
  1244     079B  2F91               	goto	l24
  1245     079C                     u120:
  1246     079C                     l26:
  1247     079C  0008               	return
  1248     079D                     __end_of_delay_x1o5us:
  1249                           
  1250                           	psect	text6
  1251     077C                     __ptext6:	
  1252 ;; *************** function _programInitialize *****************
  1253 ;; Defined at:
  1254 ;;		line 20 in file "program.c"
  1255 ;; Parameters:    Size  Location     Type
  1256 ;;		None
  1257 ;; Auto vars:     Size  Location     Type
  1258 ;;		None
  1259 ;; Return value:  Size  Location     Type
  1260 ;;                  1    wreg      void 
  1261 ;; Registers used:
  1262 ;;		None
  1263 ;; Tracked objects:
  1264 ;;		On entry : 0/0
  1265 ;;		On exit  : 0/0
  1266 ;;		Unchanged: 0/0
  1267 ;; Data sizes:     COMMON   BANK0   BANK1   BANK2   BANK3   BANK4   BANK5   BANK6
  1268 ;;      Params:         0       0       0       0       0       0       0       0
  1269 ;;      Locals:         0       0       0       0       0       0       0       0
  1270 ;;      Temps:          0       0       0       0       0       0       0       0
  1271 ;;      Totals:         0       0       0       0       0       0       0       0
  1272 ;;Total ram usage:        0 bytes
  1273 ;; Hardware stack levels used: 1
  1274 ;; This function calls:
  1275 ;;		Nothing
  1276 ;; This function is called by:
  1277 ;;		_main
  1278 ;; This function uses a non-reentrant model
  1279 ;;
  1280                           
  1281     077C                     _programInitialize:	
  1282                           ;psect for function _programInitialize
  1283                           
  1284     077C                     l694:	
  1285                           ;incstack = 0
  1286                           ; Regs used in _programInitialize: []
  1287                           
  1288                           
  1289                           ;program.c: 21:     TRISBbits.TRISB6 = 0;
  1290     077C  0021               	movlb	1	; select bank1
  1291     077D  130D               	bcf	13,6	;volatile
  1292                           
  1293                           ;program.c: 22:     LATBbits.LATB6 = 0;
  1294     077E  0022               	movlb	2	; select bank2
  1295     077F  130D               	bcf	13,6	;volatile
  1296                           
  1297                           ;program.c: 24:     TRISBbits.TRISB7 = 0;
  1298     0780  0021               	movlb	1	; select bank1
  1299     0781  138D               	bcf	13,7	;volatile
  1300                           
  1301                           ;program.c: 25:     LATBbits.LATB7 = 0;
  1302     0782  0022               	movlb	2	; select bank2
  1303     0783  138D               	bcf	13,7	;volatile
  1304     0784                     l41:
  1305     0784  0008               	return
  1306     0785                     __end_of_programInitialize:
  1307     007E                     btemp	set	126	;btemp
  1308     007E                     wtemp0	set	126
  1309                           
  1310                           	psect	config
  1311                           
  1312                           ;Config register CONFIG1 @ 0x8007
  1313                           ;	Oscillator Selection
  1314                           ;	FOSC = HS, HS Oscillator, High-speed crystal/resonator connected between OSC1 and OSC2
      +                           pins
  1315                           ;	Watchdog Timer Enable
  1316                           ;	WDTE = OFF, WDT disabled
  1317                           ;	Power-up Timer Enable
  1318                           ;	PWRTE = OFF, PWRT disabled
  1319                           ;	MCLR Pin Function Select
  1320                           ;	MCLRE = ON, MCLR/VPP pin function is MCLR
  1321                           ;	Flash Program Memory Code Protection
  1322                           ;	CP = OFF, Program memory code protection is disabled
  1323                           ;	Data Memory Code Protection
  1324                           ;	CPD = OFF, Data memory code protection is disabled
  1325                           ;	Brown-out Reset Enable
  1326                           ;	BOREN = OFF, Brown-out Reset disabled
  1327                           ;	Clock Out Enable
  1328                           ;	CLKOUTEN = ON, CLKOUT function is enabled on the CLKOUT pin
  1329                           ;	Internal/External Switchover
  1330                           ;	IESO = OFF, Internal/External Switchover mode is disabled
  1331                           ;	Fail-Safe Clock Monitor Enable
  1332                           ;	FCMEN = OFF, Fail-Safe Clock Monitor is disabled
  1333     8007                     	org	32775
  1334     8007  01E2               	dw	482
  1335                           
  1336                           ;Config register CONFIG2 @ 0x8008
  1337                           ;	Flash Memory Self-Write Protection
  1338                           ;	WRT = OFF, Write protection off
  1339                           ;	Voltage Regulator Capacitor Enable bit
  1340                           ;	VCAPEN = OFF, Vcap functionality is disabled on RA6.
  1341                           ;	PLL Enable
  1342                           ;	PLLEN = ON, 4x PLL enabled
  1343                           ;	Stack Overflow/Underflow Reset Enable
  1344                           ;	STVREN = ON, Stack Overflow or Underflow will cause a Reset
  1345                           ;	Brown-out Reset Voltage Selection
  1346                           ;	BORV = LO, Brown-out Reset Voltage (Vbor), low trip point selected.
  1347                           ;	Low Power Brown-Out Reset Enable Bit
  1348                           ;	LPBOR = 0x1, unprogrammed default
  1349                           ;	In-Circuit Debugger Mode
  1350                           ;	DEBUG = OFF, In-Circuit Debugger disabled, ICSPCLK and ICSPDAT are general purpose I/O
      +                           pins
  1351                           ;	Low-Voltage Programming Enable
  1352                           ;	LVP = ON, Low-voltage programming enabled
  1353     8008                     	org	32776
  1354     8008  3FFF               	dw	16383

Data Sizes:
    Strings     0
    Constant    0
    Data        0
    BSS         0
    Persistent  32
    Stack       0

Auto Spaces:
    Space          Size  Autos    Used
    COMMON           14     11      11
    BANK0            80      4       4
    BANK1            80      0       0
    BANK2            80      0       0
    BANK3            80      0       0
    BANK4            80      0       0
    BANK5            80      0       0
    BANK6            16      0       0

Pointer List with Targets:

    None.

Critical Paths under _main in COMMON

    _led_Blink2p1->_delay_ms
    _delay_ms->_delay_x24o25us
    _delay_x24o25us->_delay_x1o5us

Critical Paths under _main in BANK0

    _led_Blink2p1->_delay_ms

Critical Paths under _main in BANK1

    None.

Critical Paths under _main in BANK2

    None.

Critical Paths under _main in BANK3

    None.

Critical Paths under _main in BANK4

    None.

Critical Paths under _main in BANK5

    None.

Critical Paths under _main in BANK6

    None.

Call Graph Tables:

 ---------------------------------------------------------------------------------
 (Depth) Function   	        Calls       Base Space   Used Autos Params    Refs
 ---------------------------------------------------------------------------------
 (0) _main                                                 0     0      0     670
                  _programInitialize
                        _programLoop
 ---------------------------------------------------------------------------------
 (1) _programLoop                                          0     0      0     670
                       _led_Blink2p1
 ---------------------------------------------------------------------------------
 (2) _led_Blink2p1                                         0     0      0     670
                           _delay_ms
 ---------------------------------------------------------------------------------
 (3) _delay_ms                                             8     4      4     670
                                              7 COMMON     4     0      4
                                              0 BANK0      4     4      0
                     _delay_x24o25us
 ---------------------------------------------------------------------------------
 (4) _delay_x24o25us                                       4     2      2     168
                                              3 COMMON     4     2      2
                       _delay_x1o5us
 ---------------------------------------------------------------------------------
 (5) _delay_x1o5us                                         3     3      0      46
                                              0 COMMON     3     3      0
 ---------------------------------------------------------------------------------
 (1) _programInitialize                                    0     0      0       0
 ---------------------------------------------------------------------------------
 Estimated maximum stack depth 5
 ---------------------------------------------------------------------------------

 Call Graph Graphs:

 _main (ROOT)
   _programInitialize
   _programLoop
     _led_Blink2p1
       _delay_ms
         _delay_x24o25us
           _delay_x1o5us

 Address spaces:
Name               Size   Autos  Total    Cost      Usage
BIGRAM             1F0      0       0       0        0.0%
EEDATA             100      0       0       0        0.0%
NULL                 0      0       0       0        0.0%
CODE                 0      0       0       0        0.0%
BITCOMMON            E      0       0       1        0.0%
BITSFR0              0      0       0       1        0.0%
SFR0                 0      0       0       1        0.0%
COMMON               E      B       B       2       78.6%
BITSFR1              0      0       0       2        0.0%
SFR1                 0      0       0       2        0.0%
BITSFR2              0      0       0       3        0.0%
SFR2                 0      0       0       3        0.0%
STACK                0      0       0       3        0.0%
BITSFR3              0      0       0       4        0.0%
SFR3                 0      0       0       4        0.0%
ABS                  0      0       0       4        0.0%
BITBANK0            50      0       0       5        0.0%
BITSFR4              0      0       0       5        0.0%
SFR4                 0      0       0       5        0.0%
BANK0               50      4       4       6        5.0%
BITSFR5              0      0       0       6        0.0%
SFR5                 0      0       0       6        0.0%
BITBANK1            50      0       0       7        0.0%
BITSFR6              0      0       0       7        0.0%
SFR6                 0      0       0       7        0.0%
BANK1               50      0       0       8        0.0%
BITSFR7              0      0       0       8        0.0%
SFR7                 0      0       0       8        0.0%
BITBANK2            50      0       0       9        0.0%
BITSFR8              0      0       0       9        0.0%
SFR8                 0      0       0       9        0.0%
BANK2               50      0       0      10        0.0%
BITSFR9              0      0       0      10        0.0%
SFR9                 0      0       0      10        0.0%
BITBANK3            50      0       0      11        0.0%
BITSFR10             0      0       0      11        0.0%
SFR10                0      0       0      11        0.0%
BANK3               50      0       0      12        0.0%
BITSFR11             0      0       0      12        0.0%
SFR11                0      0       0      12        0.0%
BITBANK4            50      0       0      13        0.0%
BITSFR12             0      0       0      13        0.0%
SFR12                0      0       0      13        0.0%
BANK4               50      0       0      14        0.0%
BITSFR13             0      0       0      14        0.0%
SFR13                0      0       0      14        0.0%
BITBANK5            50      0       0      15        0.0%
BITSFR14             0      0       0      15        0.0%
SFR14                0      0       0      15        0.0%
BANK5               50      0       0      16        0.0%
BITSFR15             0      0       0      16        0.0%
SFR15                0      0       0      16        0.0%
BITBANK6            10      0       0      17        0.0%
BITSFR16             0      0       0      17        0.0%
SFR16                0      0       0      17        0.0%
BANK6               10      0       0      18        0.0%
BITSFR17             0      0       0      18        0.0%
SFR17                0      0       0      18        0.0%
BITSFR18             0      0       0      19        0.0%
SFR18                0      0       0      19        0.0%
DATA                 0      0       0      19        0.0%
BITSFR19             0      0       0      20        0.0%
SFR19                0      0       0      20        0.0%
BITSFR20             0      0       0      21        0.0%
SFR20                0      0       0      21        0.0%
BITSFR21             0      0       0      22        0.0%
SFR21                0      0       0      22        0.0%
BITSFR22             0      0       0      23        0.0%
SFR22                0      0       0      23        0.0%
BITSFR23             0      0       0      24        0.0%
SFR23                0      0       0      24        0.0%
BITSFR24             0      0       0      25        0.0%
SFR24                0      0       0      25        0.0%
BITSFR25             0      0       0      26        0.0%
SFR25                0      0       0      26        0.0%
BITSFR26             0      0       0      27        0.0%
SFR26                0      0       0      27        0.0%
BITSFR27             0      0       0      28        0.0%
SFR27                0      0       0      28        0.0%
BITSFR28             0      0       0      29        0.0%
SFR28                0      0       0      29        0.0%
BITSFR29             0      0       0      30        0.0%
SFR29                0      0       0      30        0.0%
BITSFR30             0      0       0      31        0.0%
SFR30                0      0       0      31        0.0%
BITSFR31             0      0       0      32        0.0%
SFR31                0      0       0      32        0.0%


Microchip Technology PIC Macro Assembler V2.46 build 20240104201356 
Symbol Table                                                                                   Wed Sep 18 11:33:10 2024

           ??_led_Blink2p1 007B                         l24 0791                         l32 07B2  
                       l41 0784                         l26 079C                         l44 077B  
                       l38 07FC                         l56 07CF                        l720 0792  
                      l722 0796                        l730 07A8                        l724 079D  
                      l732 07D0                        l740 07B3                        l718 078F  
                      l726 07A0                        l734 07DA                        l742 07B6  
                      l750 0785                        l728 07A4                        l736 07E1  
                      l744 07C1                        l752 0788                        l738 07EA  
                      l746 07C3                        l748 0778                        l694 077C  
                      u120 079C                        u121 079B                        u130 07B2  
                      u131 07B1                        u140 07FC                        u141 07FB  
                      u135 07AE                        u145 07F8                       _main 0785  
                     btemp 007E                       start 0002       __end_of_delay_x1o5us 079D  
                    ?_main 0070        delay_x24o25us@delay 0073                      wtemp0 007E  
          __initialization 07FD               __end_of_main 078E                     ??_main 007B  
     __end_of_led_Blink2p1 07D0           __end_of_delay_ms 07FD          delay_x1o5us@delay 0071  
           _delay_x24o25us 079D    __end_of__initialization 07FD               ?_programLoop 0070  
           __pcstackCOMMON 0070     __end_of_delay_x24o25us 07B3               _delay_x1o5us 078E  
        _programInitialize 077C                 __pmaintext 0785         ?_programInitialize 0070  
          ?_delay_x24o25us 0073        ??_programInitialize 0070                  ?_delay_ms 0077  
__end_of_programInitialize 0785               _led_Blink2p1 07B3                    __ptext1 0778  
                  __ptext2 07B3                    __ptext3 07D0                    __ptext4 079D  
                  __ptext5 078E                    __ptext6 077C                 ??_delay_ms 007B  
     end_of_initialization 07FD                  _TRISBbits 008D              delay_x1o5us@i 0072  
            delay_ms@delay 0077        start_initialization 07FD           ??_delay_x24o25us 0075  
                ___latbits 0001              __pcstackBANK0 0020                   _LATBbits 010D  
                delay_ms@i 0020              ??_programLoop 007B                   _delay_ms 07D0  
            ?_delay_x1o5us 0070        __end_of_programLoop 077C             ??_delay_x1o5us 0070  
            ?_led_Blink2p1 0070            delay_x24o25us@i 0075                _programLoop 0778  
